[0m08:40:20.839571 [debug] [MainThread]: Sending event: {'category': 'dbt', 'action': 'invocation', 'label': 'start', 'context': [<snowplow_tracker.self_describing_json.SelfDescribingJson object at 0x7ab4b6ad0980>, <snowplow_tracker.self_describing_json.SelfDescribingJson object at 0x7ab4b4f37aa0>, <snowplow_tracker.self_describing_json.SelfDescribingJson object at 0x7ab4b4daa5d0>]}


============================== 08:40:20.843888 | 9f361533-951d-4eae-9525-00a7fe454be7 ==============================
[0m08:40:20.843888 [info ] [MainThread]: Running with dbt=1.8.6
[0m08:40:20.845097 [debug] [MainThread]: running dbt with arguments {'printer_width': '80', 'indirect_selection': 'eager', 'log_cache_events': 'False', 'write_json': 'True', 'partial_parse': 'True', 'cache_selected_only': 'False', 'warn_error': 'None', 'fail_fast': 'False', 'debug': 'False', 'log_path': 'logs', 'profiles_dir': '/home/prashant-newway/.dbt', 'version_check': 'True', 'use_colors': 'True', 'use_experimental_parser': 'False', 'no_print': 'None', 'quiet': 'False', 'empty': 'None', 'warn_error_options': 'WarnErrorOptions(include=[], exclude=[])', 'introspect': 'True', 'static_parser': 'True', 'invocation_command': 'dbt debug', 'target_path': 'None', 'log_format': 'default', 'send_anonymous_usage_stats': 'True'}
[0m08:40:20.929125 [info ] [MainThread]: dbt version: 1.8.6
[0m08:40:20.929940 [info ] [MainThread]: python version: 3.12.3
[0m08:40:20.930645 [info ] [MainThread]: python path: /home/prashant-newway/Documents/DataEngineering/de2-dbt-elt/.venv-dbt/bin/python
[0m08:40:20.931288 [info ] [MainThread]: os info: Linux-6.8.0-44-generic-x86_64-with-glibc2.39
[0m08:40:21.239431 [info ] [MainThread]: Using profiles dir at /home/prashant-newway/.dbt
[0m08:40:21.240261 [info ] [MainThread]: Using profiles.yml file at /home/prashant-newway/.dbt/profiles.yml
[0m08:40:21.241099 [info ] [MainThread]: Using dbt_project.yml file at /home/prashant-newway/Documents/DataEngineering/de2-dbt-elt/dbt_project.yml
[0m08:40:21.242096 [info ] [MainThread]: adapter type: snowflake
[0m08:40:21.242774 [info ] [MainThread]: adapter version: 1.8.3
[0m08:40:21.243483 [info ] [MainThread]: Configuration:
[0m08:40:21.244170 [info ] [MainThread]:   profiles.yml file [[32mOK found and valid[0m]
[0m08:40:21.244821 [info ] [MainThread]:   dbt_project.yml file [[31mERROR not found[0m]
[0m08:40:21.245515 [info ] [MainThread]: Required dependencies:
[0m08:40:21.246840 [debug] [MainThread]: Executing "git --help"
[0m08:40:21.250728 [debug] [MainThread]: STDOUT: "b"usage: git [-v | --version] [-h | --help] [-C <path>] [-c <name>=<value>]\n           [--exec-path[=<path>]] [--html-path] [--man-path] [--info-path]\n           [-p | --paginate | -P | --no-pager] [--no-replace-objects] [--bare]\n           [--git-dir=<path>] [--work-tree=<path>] [--namespace=<name>]\n           [--config-env=<name>=<envvar>] <command> [<args>]\n\nThese are common Git commands used in various situations:\n\nstart a working area (see also: git help tutorial)\n   clone     Clone a repository into a new directory\n   init      Create an empty Git repository or reinitialize an existing one\n\nwork on the current change (see also: git help everyday)\n   add       Add file contents to the index\n   mv        Move or rename a file, a directory, or a symlink\n   restore   Restore working tree files\n   rm        Remove files from the working tree and from the index\n\nexamine the history and state (see also: git help revisions)\n   bisect    Use binary search to find the commit that introduced a bug\n   diff      Show changes between commits, commit and working tree, etc\n   grep      Print lines matching a pattern\n   log       Show commit logs\n   show      Show various types of objects\n   status    Show the working tree status\n\ngrow, mark and tweak your common history\n   branch    List, create, or delete branches\n   commit    Record changes to the repository\n   merge     Join two or more development histories together\n   rebase    Reapply commits on top of another base tip\n   reset     Reset current HEAD to the specified state\n   switch    Switch branches\n   tag       Create, list, delete or verify a tag object signed with GPG\n\ncollaborate (see also: git help workflows)\n   fetch     Download objects and refs from another repository\n   pull      Fetch from and integrate with another repository or a local branch\n   push      Update remote refs along with associated objects\n\n'git help -a' and 'git help -g' list available subcommands and some\nconcept guides. See 'git help <command>' or 'git help <concept>'\nto read about a specific subcommand or concept.\nSee 'git help git' for an overview of the system.\n""
[0m08:40:21.252437 [debug] [MainThread]: STDERR: "b''"
[0m08:40:21.253711 [info ] [MainThread]:  - git [[32mOK found[0m]

[0m08:40:21.254952 [info ] [MainThread]: Connection:
[0m08:40:21.256063 [info ] [MainThread]:   account: hb56600.ap-southeast-1
[0m08:40:21.257146 [info ] [MainThread]:   user: theblu
[0m08:40:21.258579 [info ] [MainThread]:   database: db_dbt_elt
[0m08:40:21.260255 [info ] [MainThread]:   warehouse: wh_dbt_elt
[0m08:40:21.261842 [info ] [MainThread]:   role: role_dbt_elt
[0m08:40:21.262831 [info ] [MainThread]:   schema: schema_dbt_elt
[0m08:40:21.263887 [info ] [MainThread]:   authenticator: None
[0m08:40:21.265310 [info ] [MainThread]:   oauth_client_id: None
[0m08:40:21.267055 [info ] [MainThread]:   query_tag: None
[0m08:40:21.269096 [info ] [MainThread]:   client_session_keep_alive: False
[0m08:40:21.272812 [info ] [MainThread]:   host: None
[0m08:40:21.274823 [info ] [MainThread]:   port: None
[0m08:40:21.276811 [info ] [MainThread]:   proxy_host: None
[0m08:40:21.280072 [info ] [MainThread]:   proxy_port: None
[0m08:40:21.284964 [info ] [MainThread]:   protocol: None
[0m08:40:21.287110 [info ] [MainThread]:   connect_retries: 1
[0m08:40:21.288336 [info ] [MainThread]:   connect_timeout: None
[0m08:40:21.289411 [info ] [MainThread]:   retry_on_database_errors: False
[0m08:40:21.290355 [info ] [MainThread]:   retry_all: False
[0m08:40:21.291424 [info ] [MainThread]:   insecure_mode: False
[0m08:40:21.292553 [info ] [MainThread]:   reuse_connections: None
[0m08:40:21.294085 [info ] [MainThread]: Registered adapter: snowflake=1.8.3
[0m08:40:21.300986 [debug] [MainThread]: Acquiring new snowflake connection 'debug'
[0m08:40:21.305227 [debug] [MainThread]: Using snowflake connection "debug"
[0m08:40:21.311098 [debug] [MainThread]: On debug: select 1 as id
[0m08:40:21.312729 [debug] [MainThread]: Opening a new connection, currently in state init
[0m08:40:22.053741 [debug] [MainThread]: SQL status: SUCCESS 1 in 0.741 seconds
[0m08:40:22.055890 [debug] [MainThread]: On debug: Close
[0m08:40:22.311160 [info ] [MainThread]:   Connection test: [[32mOK connection ok[0m]

[0m08:40:22.313271 [info ] [MainThread]: [31m1 check failed:[0m
[0m08:40:22.315273 [info ] [MainThread]: Project loading failed for the following reason:
 project path </home/prashant-newway/Documents/DataEngineering/de2-dbt-elt/dbt_project.yml> not found

[0m08:40:22.320339 [debug] [MainThread]: Resource report: {"command_name": "debug", "command_wall_clock_time": 1.5449139, "process_user_time": 2.211915, "process_kernel_time": 0.171148, "process_mem_max_rss": "116904", "process_in_blocks": "2896", "process_out_blocks": "24", "command_success": false}
[0m08:40:22.323398 [debug] [MainThread]: Command `dbt debug` failed at 08:40:22.322875 after 1.55 seconds
[0m08:40:22.325608 [debug] [MainThread]: Connection 'debug' was properly closed.
[0m08:40:22.327673 [debug] [MainThread]: Sending event: {'category': 'dbt', 'action': 'invocation', 'label': 'end', 'context': [<snowplow_tracker.self_describing_json.SelfDescribingJson object at 0x7ab4b3febb90>, <snowplow_tracker.self_describing_json.SelfDescribingJson object at 0x7ab4b44a1610>, <snowplow_tracker.self_describing_json.SelfDescribingJson object at 0x7ab4b49f2c00>]}
[0m08:40:22.329926 [debug] [MainThread]: Flushing usage events
[0m09:14:43.660462 [debug] [MainThread]: Sending event: {'category': 'dbt', 'action': 'invocation', 'label': 'start', 'context': [<snowplow_tracker.self_describing_json.SelfDescribingJson object at 0x7978e1e78f20>, <snowplow_tracker.self_describing_json.SelfDescribingJson object at 0x7978e2266630>, <snowplow_tracker.self_describing_json.SelfDescribingJson object at 0x7978e1ea7110>]}


============================== 09:14:43.667152 | 35174cb8-c3e4-408b-a1a3-4e889f812200 ==============================
[0m09:14:43.667152 [info ] [MainThread]: Running with dbt=1.8.6
[0m09:14:43.668892 [debug] [MainThread]: running dbt with arguments {'printer_width': '80', 'indirect_selection': 'eager', 'log_cache_events': 'False', 'write_json': 'True', 'partial_parse': 'True', 'cache_selected_only': 'False', 'profiles_dir': '/home/prashant-newway/.dbt', 'fail_fast': 'False', 'debug': 'False', 'log_path': 'logs', 'warn_error': 'None', 'version_check': 'True', 'use_colors': 'True', 'use_experimental_parser': 'False', 'no_print': 'None', 'quiet': 'False', 'empty': 'None', 'warn_error_options': 'WarnErrorOptions(include=[], exclude=[])', 'introspect': 'True', 'log_format': 'default', 'static_parser': 'True', 'target_path': 'None', 'invocation_command': 'dbt init', 'send_anonymous_usage_stats': 'True'}
[0m09:15:14.504193 [debug] [MainThread]: Starter project path: /home/prashant-newway/Documents/DataEngineering/de2-dbt-elt/.venv-dbt/lib/python3.12/site-packages/dbt/include/starter_project
[0m09:15:14.508124 [info ] [MainThread]: 
Your new dbt project "dbt_elt_pipeline" was created!

For more information on how to configure the profiles.yml file,
please consult the dbt documentation here:

  https://docs.getdbt.com/docs/configure-your-profile

One more thing:

Need help? Don't hesitate to reach out to us via GitHub issues or on Slack:

  https://community.getdbt.com/

Happy modeling!

[0m09:15:14.508945 [info ] [MainThread]: Setting up your profile.
[0m09:21:28.018294 [info ] [MainThread]: Profile dbt_elt_pipeline written to /home/prashant-newway/.dbt/profiles.yml using target's profile_template.yml and your supplied values. Run 'dbt debug' to validate the connection.
[0m09:21:28.021587 [debug] [MainThread]: Resource report: {"command_name": "init", "command_success": true, "command_wall_clock_time": 404.48636, "process_user_time": 2.125187, "process_kernel_time": 0.160862, "process_mem_max_rss": "108596", "process_out_blocks": "96", "process_in_blocks": "0"}
[0m09:21:28.023521 [debug] [MainThread]: Command `dbt init` succeeded at 09:21:28.023172 after 404.49 seconds
[0m09:21:28.025503 [debug] [MainThread]: Sending event: {'category': 'dbt', 'action': 'invocation', 'label': 'end', 'context': [<snowplow_tracker.self_describing_json.SelfDescribingJson object at 0x7978e23f2f00>, <snowplow_tracker.self_describing_json.SelfDescribingJson object at 0x7978e1a3cc20>, <snowplow_tracker.self_describing_json.SelfDescribingJson object at 0x7978e0ab8170>]}
[0m09:21:28.027441 [debug] [MainThread]: Flushing usage events
[0m09:21:40.108345 [debug] [MainThread]: Sending event: {'category': 'dbt', 'action': 'invocation', 'label': 'start', 'context': [<snowplow_tracker.self_describing_json.SelfDescribingJson object at 0x7aab03a831d0>, <snowplow_tracker.self_describing_json.SelfDescribingJson object at 0x7aab039fd3a0>, <snowplow_tracker.self_describing_json.SelfDescribingJson object at 0x7aab03a5a1b0>]}


============================== 09:21:40.112345 | 9dbb5ca5-1831-448c-9b5a-c443f8811b28 ==============================
[0m09:21:40.112345 [info ] [MainThread]: Running with dbt=1.8.6
[0m09:21:40.113442 [debug] [MainThread]: running dbt with arguments {'printer_width': '80', 'indirect_selection': 'eager', 'write_json': 'True', 'log_cache_events': 'False', 'partial_parse': 'True', 'cache_selected_only': 'False', 'profiles_dir': '/home/prashant-newway/.dbt', 'debug': 'False', 'fail_fast': 'False', 'log_path': 'logs', 'version_check': 'True', 'warn_error': 'None', 'use_colors': 'True', 'use_experimental_parser': 'False', 'no_print': 'None', 'quiet': 'False', 'empty': 'None', 'warn_error_options': 'WarnErrorOptions(include=[], exclude=[])', 'invocation_command': 'dbt debug', 'log_format': 'default', 'introspect': 'True', 'target_path': 'None', 'static_parser': 'True', 'send_anonymous_usage_stats': 'True'}
[0m09:21:40.195128 [info ] [MainThread]: dbt version: 1.8.6
[0m09:21:40.195948 [info ] [MainThread]: python version: 3.12.3
[0m09:21:40.196688 [info ] [MainThread]: python path: /home/prashant-newway/Documents/DataEngineering/de2-dbt-elt/.venv-dbt/bin/python
[0m09:21:40.197424 [info ] [MainThread]: os info: Linux-6.8.0-44-generic-x86_64-with-glibc2.39
[0m09:21:40.510449 [info ] [MainThread]: Using profiles dir at /home/prashant-newway/.dbt
[0m09:21:40.511158 [info ] [MainThread]: Using profiles.yml file at /home/prashant-newway/.dbt/profiles.yml
[0m09:21:40.511794 [info ] [MainThread]: Using dbt_project.yml file at /home/prashant-newway/Documents/DataEngineering/de2-dbt-elt/dbt_project.yml
[0m09:21:40.512524 [error] [MainThread]: Encountered an error:
Internal Error
  Profile should not be None if loading profile completed
[0m09:21:40.513794 [debug] [MainThread]: Resource report: {"command_name": "debug", "command_wall_clock_time": 0.47102642, "process_user_time": 2.067786, "process_kernel_time": 0.132857, "process_mem_max_rss": "109456", "process_out_blocks": "8", "command_success": false, "process_in_blocks": "0"}
[0m09:21:40.514651 [debug] [MainThread]: Command `dbt debug` failed at 09:21:40.514499 after 0.47 seconds
[0m09:21:40.515264 [debug] [MainThread]: Sending event: {'category': 'dbt', 'action': 'invocation', 'label': 'end', 'context': [<snowplow_tracker.self_describing_json.SelfDescribingJson object at 0x7aab0240c410>, <snowplow_tracker.self_describing_json.SelfDescribingJson object at 0x7aab00176ea0>, <snowplow_tracker.self_describing_json.SelfDescribingJson object at 0x7aab0000acf0>]}
[0m09:21:40.515867 [debug] [MainThread]: Flushing usage events
[0m09:23:20.718968 [debug] [MainThread]: Sending event: {'category': 'dbt', 'action': 'invocation', 'label': 'start', 'context': [<snowplow_tracker.self_describing_json.SelfDescribingJson object at 0x7bd7511391f0>, <snowplow_tracker.self_describing_json.SelfDescribingJson object at 0x7bd75005dfa0>, <snowplow_tracker.self_describing_json.SelfDescribingJson object at 0x7bd74f732f60>]}


============================== 09:23:20.722828 | bb44b137-93e5-4d87-a4e2-ca6db7ad69d0 ==============================
[0m09:23:20.722828 [info ] [MainThread]: Running with dbt=1.8.6
[0m09:23:20.723779 [debug] [MainThread]: running dbt with arguments {'printer_width': '80', 'indirect_selection': 'eager', 'log_cache_events': 'False', 'write_json': 'True', 'partial_parse': 'True', 'cache_selected_only': 'False', 'profiles_dir': '/home/prashant-newway/.dbt', 'version_check': 'True', 'debug': 'False', 'log_path': 'logs', 'warn_error': 'None', 'fail_fast': 'False', 'use_colors': 'True', 'use_experimental_parser': 'False', 'empty': 'None', 'quiet': 'False', 'no_print': 'None', 'warn_error_options': 'WarnErrorOptions(include=[], exclude=[])', 'invocation_command': 'dbt debug', 'log_format': 'default', 'introspect': 'True', 'target_path': 'None', 'static_parser': 'True', 'send_anonymous_usage_stats': 'True'}
[0m09:23:20.803067 [info ] [MainThread]: dbt version: 1.8.6
[0m09:23:20.803751 [info ] [MainThread]: python version: 3.12.3
[0m09:23:20.804691 [info ] [MainThread]: python path: /home/prashant-newway/Documents/DataEngineering/de2-dbt-elt/.venv-dbt/bin/python
[0m09:23:20.805414 [info ] [MainThread]: os info: Linux-6.8.0-44-generic-x86_64-with-glibc2.39
[0m09:23:21.171272 [info ] [MainThread]: Using profiles dir at /home/prashant-newway/.dbt
[0m09:23:21.172071 [info ] [MainThread]: Using profiles.yml file at /home/prashant-newway/.dbt/profiles.yml
[0m09:23:21.172734 [info ] [MainThread]: Using dbt_project.yml file at /home/prashant-newway/Documents/DataEngineering/de2-dbt-elt/dbt_project.yml
[0m09:23:21.173624 [info ] [MainThread]: adapter type: snowflake
[0m09:23:21.174295 [info ] [MainThread]: adapter version: 1.8.3
[0m09:23:21.174957 [info ] [MainThread]: Configuration:
[0m09:23:21.175579 [info ] [MainThread]:   profiles.yml file [[32mOK found and valid[0m]
[0m09:23:21.176252 [info ] [MainThread]:   dbt_project.yml file [[31mERROR not found[0m]
[0m09:23:21.176900 [info ] [MainThread]: Required dependencies:
[0m09:23:21.177556 [debug] [MainThread]: Executing "git --help"
[0m09:23:21.181709 [debug] [MainThread]: STDOUT: "b"usage: git [-v | --version] [-h | --help] [-C <path>] [-c <name>=<value>]\n           [--exec-path[=<path>]] [--html-path] [--man-path] [--info-path]\n           [-p | --paginate | -P | --no-pager] [--no-replace-objects] [--bare]\n           [--git-dir=<path>] [--work-tree=<path>] [--namespace=<name>]\n           [--config-env=<name>=<envvar>] <command> [<args>]\n\nThese are common Git commands used in various situations:\n\nstart a working area (see also: git help tutorial)\n   clone     Clone a repository into a new directory\n   init      Create an empty Git repository or reinitialize an existing one\n\nwork on the current change (see also: git help everyday)\n   add       Add file contents to the index\n   mv        Move or rename a file, a directory, or a symlink\n   restore   Restore working tree files\n   rm        Remove files from the working tree and from the index\n\nexamine the history and state (see also: git help revisions)\n   bisect    Use binary search to find the commit that introduced a bug\n   diff      Show changes between commits, commit and working tree, etc\n   grep      Print lines matching a pattern\n   log       Show commit logs\n   show      Show various types of objects\n   status    Show the working tree status\n\ngrow, mark and tweak your common history\n   branch    List, create, or delete branches\n   commit    Record changes to the repository\n   merge     Join two or more development histories together\n   rebase    Reapply commits on top of another base tip\n   reset     Reset current HEAD to the specified state\n   switch    Switch branches\n   tag       Create, list, delete or verify a tag object signed with GPG\n\ncollaborate (see also: git help workflows)\n   fetch     Download objects and refs from another repository\n   pull      Fetch from and integrate with another repository or a local branch\n   push      Update remote refs along with associated objects\n\n'git help -a' and 'git help -g' list available subcommands and some\nconcept guides. See 'git help <command>' or 'git help <concept>'\nto read about a specific subcommand or concept.\nSee 'git help git' for an overview of the system.\n""
[0m09:23:21.183160 [debug] [MainThread]: STDERR: "b''"
[0m09:23:21.184097 [info ] [MainThread]:  - git [[32mOK found[0m]

[0m09:23:21.185144 [info ] [MainThread]: Connection:
[0m09:23:21.186391 [info ] [MainThread]:   account: hb56600.ap-southeast-1
[0m09:23:21.187920 [info ] [MainThread]:   user: theblu
[0m09:23:21.189003 [info ] [MainThread]:   database: db_dbt_elt
[0m09:23:21.190001 [info ] [MainThread]:   warehouse: wh_dbt_elt
[0m09:23:21.191193 [info ] [MainThread]:   role: role_dbt_elt
[0m09:23:21.192741 [info ] [MainThread]:   schema: schema_dbt_elt
[0m09:23:21.195308 [info ] [MainThread]:   authenticator: None
[0m09:23:21.197337 [info ] [MainThread]:   oauth_client_id: None
[0m09:23:21.199174 [info ] [MainThread]:   query_tag: None
[0m09:23:21.203232 [info ] [MainThread]:   client_session_keep_alive: False
[0m09:23:21.204694 [info ] [MainThread]:   host: None
[0m09:23:21.208551 [info ] [MainThread]:   port: None
[0m09:23:21.214506 [info ] [MainThread]:   proxy_host: None
[0m09:23:21.216107 [info ] [MainThread]:   proxy_port: None
[0m09:23:21.220618 [info ] [MainThread]:   protocol: None
[0m09:23:21.222472 [info ] [MainThread]:   connect_retries: 1
[0m09:23:21.223955 [info ] [MainThread]:   connect_timeout: None
[0m09:23:21.227003 [info ] [MainThread]:   retry_on_database_errors: False
[0m09:23:21.231949 [info ] [MainThread]:   retry_all: False
[0m09:23:21.234643 [info ] [MainThread]:   insecure_mode: False
[0m09:23:21.236035 [info ] [MainThread]:   reuse_connections: None
[0m09:23:21.237870 [info ] [MainThread]: Registered adapter: snowflake=1.8.3
[0m09:23:21.243242 [debug] [MainThread]: Acquiring new snowflake connection 'debug'
[0m09:23:21.245199 [debug] [MainThread]: Using snowflake connection "debug"
[0m09:23:21.246465 [debug] [MainThread]: On debug: select 1 as id
[0m09:23:21.247444 [debug] [MainThread]: Opening a new connection, currently in state init
[0m09:23:21.846412 [debug] [MainThread]: SQL status: SUCCESS 1 in 0.599 seconds
[0m09:23:21.849398 [debug] [MainThread]: On debug: Close
[0m09:23:22.453089 [info ] [MainThread]:   Connection test: [[32mOK connection ok[0m]

[0m09:23:22.457282 [info ] [MainThread]: [31m1 check failed:[0m
[0m09:23:22.461348 [info ] [MainThread]: Project loading failed for the following reason:
 project path </home/prashant-newway/Documents/DataEngineering/de2-dbt-elt/dbt_project.yml> not found

[0m09:23:22.469141 [debug] [MainThread]: Resource report: {"command_name": "debug", "command_wall_clock_time": 1.812913, "process_user_time": 2.25099, "process_kernel_time": 0.184834, "process_mem_max_rss": "117016", "process_out_blocks": "32", "command_success": false, "process_in_blocks": "0"}
[0m09:23:22.474445 [debug] [MainThread]: Command `dbt debug` failed at 09:23:22.473585 after 1.82 seconds
[0m09:23:22.479681 [debug] [MainThread]: Connection 'debug' was properly closed.
[0m09:23:22.484194 [debug] [MainThread]: Sending event: {'category': 'dbt', 'action': 'invocation', 'label': 'end', 'context': [<snowplow_tracker.self_describing_json.SelfDescribingJson object at 0x7bd750096c30>, <snowplow_tracker.self_describing_json.SelfDescribingJson object at 0x7bd74e609550>, <snowplow_tracker.self_describing_json.SelfDescribingJson object at 0x7bd74f700170>]}
[0m09:23:22.485973 [debug] [MainThread]: Flushing usage events
[0m11:02:16.062044 [debug] [MainThread]: Sending event: {'category': 'dbt', 'action': 'invocation', 'label': 'start', 'context': [<snowplow_tracker.self_describing_json.SelfDescribingJson object at 0x7b7a88758fe0>, <snowplow_tracker.self_describing_json.SelfDescribingJson object at 0x7b7a870d21b0>, <snowplow_tracker.self_describing_json.SelfDescribingJson object at 0x7b7a86d833b0>]}


============================== 11:02:16.065730 | 93908119-adb3-4773-9648-8bdb9f8e7cbc ==============================
[0m11:02:16.065730 [info ] [MainThread]: Running with dbt=1.8.6
[0m11:02:16.066858 [debug] [MainThread]: running dbt with arguments {'printer_width': '80', 'indirect_selection': 'eager', 'write_json': 'True', 'log_cache_events': 'False', 'partial_parse': 'True', 'cache_selected_only': 'False', 'profiles_dir': '/home/prashant-newway/.dbt', 'version_check': 'True', 'warn_error': 'None', 'log_path': 'logs', 'debug': 'False', 'fail_fast': 'False', 'use_colors': 'True', 'use_experimental_parser': 'False', 'empty': 'None', 'quiet': 'False', 'no_print': 'None', 'log_format': 'default', 'invocation_command': 'dbt deps', 'warn_error_options': 'WarnErrorOptions(include=[], exclude=[])', 'static_parser': 'True', 'target_path': 'None', 'introspect': 'True', 'send_anonymous_usage_stats': 'True'}
[0m11:02:16.068127 [error] [MainThread]: Encountered an error:
Runtime Error
  No dbt_project.yml found at expected path /home/prashant-newway/Documents/DataEngineering/de2-dbt-elt/dbt_project.yml
  Verify that each entry within packages.yml (and their transitive dependencies) contains a file named dbt_project.yml
  
[0m11:02:16.069513 [debug] [MainThread]: Resource report: {"command_name": "deps", "command_wall_clock_time": 0.07579619, "process_user_time": 1.711378, "process_kernel_time": 0.111959, "process_mem_max_rss": "86840", "process_out_blocks": "8", "command_success": false, "process_in_blocks": "0"}
[0m11:02:16.070493 [debug] [MainThread]: Command `dbt deps` failed at 11:02:16.070313 after 0.08 seconds
[0m11:02:16.071153 [debug] [MainThread]: Sending event: {'category': 'dbt', 'action': 'invocation', 'label': 'end', 'context': [<snowplow_tracker.self_describing_json.SelfDescribingJson object at 0x7b7a86d23b90>, <snowplow_tracker.self_describing_json.SelfDescribingJson object at 0x7b7a872d05f0>, <snowplow_tracker.self_describing_json.SelfDescribingJson object at 0x7b7a877e7290>]}
[0m11:02:16.071800 [debug] [MainThread]: Flushing usage events
[0m07:55:44.970535 [debug] [MainThread]: Sending event: {'category': 'dbt', 'action': 'invocation', 'label': 'start', 'context': [<snowplow_tracker.self_describing_json.SelfDescribingJson object at 0x744ccd13f530>, <snowplow_tracker.self_describing_json.SelfDescribingJson object at 0x744ccd0da1b0>, <snowplow_tracker.self_describing_json.SelfDescribingJson object at 0x744ccd13f020>]}


============================== 07:55:44.975585 | 3e2a4088-db96-4281-87aa-0f9cdcc0c705 ==============================
[0m07:55:44.975585 [info ] [MainThread]: Running with dbt=1.8.6
[0m07:55:44.976773 [debug] [MainThread]: running dbt with arguments {'printer_width': '80', 'indirect_selection': 'eager', 'write_json': 'True', 'log_cache_events': 'False', 'partial_parse': 'True', 'cache_selected_only': 'False', 'profiles_dir': '/home/prashant-newway/.dbt', 'version_check': 'True', 'debug': 'False', 'log_path': 'logs', 'fail_fast': 'False', 'warn_error': 'None', 'use_colors': 'True', 'use_experimental_parser': 'False', 'empty': 'False', 'quiet': 'False', 'no_print': 'None', 'warn_error_options': 'WarnErrorOptions(include=[], exclude=[])', 'static_parser': 'True', 'log_format': 'default', 'introspect': 'True', 'target_path': 'None', 'invocation_command': 'dbt run', 'send_anonymous_usage_stats': 'True'}
[0m07:55:44.977606 [error] [MainThread]: Encountered an error:
Runtime Error
  No dbt_project.yml found at expected path /home/prashant-newway/Documents/DataEngineering/de2-dbt-elt/dbt_project.yml
  Verify that each entry within packages.yml (and their transitive dependencies) contains a file named dbt_project.yml
  
[0m07:55:44.979655 [debug] [MainThread]: Resource report: {"command_name": "run", "command_wall_clock_time": 0.07849411, "process_user_time": 1.824338, "process_kernel_time": 0.156343, "process_mem_max_rss": "86564", "process_in_blocks": "39624", "process_out_blocks": "8", "command_success": false}
[0m07:55:44.980612 [debug] [MainThread]: Command `dbt run` failed at 07:55:44.980448 after 0.08 seconds
[0m07:55:44.981179 [debug] [MainThread]: Sending event: {'category': 'dbt', 'action': 'invocation', 'label': 'end', 'context': [<snowplow_tracker.self_describing_json.SelfDescribingJson object at 0x744cccfd40b0>, <snowplow_tracker.self_describing_json.SelfDescribingJson object at 0x744ccd0da1b0>, <snowplow_tracker.self_describing_json.SelfDescribingJson object at 0x744cccf17da0>]}
[0m07:55:44.982105 [debug] [MainThread]: Flushing usage events
